#
# There is insufficient memory for the Java Runtime Environment to continue.
# Native memory allocation (malloc) failed to allocate 779856 bytes for Chunk::new
# Possible reasons:
#   The system is out of physical RAM or swap space
#   The process is running with CompressedOops enabled, and the Java Heap may be blocking the growth of the native heap
# Possible solutions:
#   Reduce memory load on the system
#   Increase physical memory or swap space
#   Check if swap backing store is full
#   Decrease Java heap size (-Xmx/-Xms)
#   Decrease number of Java threads
#   Decrease Java thread stack sizes (-Xss)
#   Set larger code cache with -XX:ReservedCodeCacheSize=
#   JVM is running with Unscaled Compressed Oops mode in which the Java heap is
#     placed in the first 4GB address space. The Java Heap base address is the
#     maximum limit for the native heap growth. Please use -XX:HeapBaseMinAddress
#     to set the Java Heap base and to place the Java Heap above 4GB virtual address.
# This output file may be truncated or incomplete.
#
#  Out of Memory Error (./src/hotspot/share/memory/arena.cpp:197), pid=8928, tid=12624
#
# JRE version: OpenJDK Runtime Environment (11.0.10) (build 11.0.10+0-b96-7249189)
# Java VM: OpenJDK 64-Bit Server VM (11.0.10+0-b96-7249189, mixed mode, tiered, compressed oops, g1 gc, windows-amd64)
# No core dump will be written. Minidumps are not enabled by default on client versions of Windows
#

---------------  S U M M A R Y ------------

Command Line: --add-opens=java.base/java.util=ALL-UNNAMED --add-opens=java.base/java.lang=ALL-UNNAMED --add-opens=java.base/java.lang.invoke=ALL-UNNAMED --add-opens=java.base/java.util=ALL-UNNAMED --add-opens=java.prefs/java.util.prefs=ALL-UNNAMED --add-opens=java.prefs/java.util.prefs=ALL-UNNAMED --add-opens=java.base/java.nio.charset=ALL-UNNAMED --add-opens=java.base/java.net=ALL-UNNAMED --add-opens=java.base/java.util.concurrent.atomic=ALL-UNNAMED -Xmx2048m -Dfile.encoding=UTF-8 -Duser.country=FR -Duser.language=fr -Duser.variant org.gradle.launcher.daemon.bootstrap.GradleDaemon 7.0.2

Host: Intel(R) Core(TM) i5-10210U CPU @ 1.60GHz, 8 cores, 7G,  Windows 10 , 64 bit Build 22000 (10.0.22000.318)
Time: Sat Nov 27 02:18:04 2021 Maroc (heure d’été) elapsed time: 1478.527449 seconds (0d 0h 24m 38s)

---------------  T H R E A D  ---------------

Current thread (0x000002342eaa7000):  JavaThread "C2 CompilerThread0" daemon [_thread_in_native, id=12624, stack(0x0000008a04300000,0x0000008a04400000)]


Current CompileTask:
C2:1478527 12114       4       java.lang.Class::privateGetPublicMethods (224 bytes)

Stack: [0x0000008a04300000,0x0000008a04400000]
Native frames: (J=compiled Java code, j=interpreted, Vv=VM code, C=native code)
V  [jvm.dll+0x5ecfaa]
V  [jvm.dll+0x722bd5]
V  [jvm.dll+0x72412d]
V  [jvm.dll+0x7247e3]
V  [jvm.dll+0x242928]
V  [jvm.dll+0xbc4fc]
V  [jvm.dll+0xbca0c]
V  [jvm.dll+0x352d7d]
V  [jvm.dll+0x19800c]
V  [jvm.dll+0x1fb70e]
V  [jvm.dll+0x1fa7f4]
V  [jvm.dll+0x18354c]
V  [jvm.dll+0x208ee7]
V  [jvm.dll+0x207731]
V  [jvm.dll+0x6eb1cf]
V  [jvm.dll+0x6e3d45]
V  [jvm.dll+0x5ebe96]
C  [ucrtbase.dll+0x26c0c]
C  [KERNEL32.DLL+0x154e0]
C  [ntdll.dll+0x485b]


---------------  P R O C E S S  ---------------

Threads class SMR info:
_java_thread_list=0x000002343a09ae30, length=44, elements={
0x000002341265e800, 0x000002342ea84000, 0x000002342ea87800, 0x000002342eaa1000,
0x000002342eaa2000, 0x000002342eaa3800, 0x000002342eaa7000, 0x000002342eaad000,
0x000002342f432800, 0x000002342f58b800, 0x00000234315ad000, 0x000002342f62e800,
0x000002342f978800, 0x000002343195a800, 0x000002343195b000, 0x000002343195c000,
0x0000023431957000, 0x000002343195d800, 0x0000023431958000, 0x0000023431959800,
0x0000023432847800, 0x0000023432848000, 0x0000023432842800, 0x0000023432844000,
0x0000023432845800, 0x0000023432846800, 0x000002343284a000, 0x000002343284f800,
0x0000023432611000, 0x0000023432611800, 0x0000023432612800, 0x000002343260f000,
0x000002343260c800, 0x0000023432613000, 0x000002343260d800, 0x000002343261a800,
0x0000023432619800, 0x00000234301f3000, 0x000002343261b800, 0x0000023432615800,
0x0000023432616800, 0x0000023432617800, 0x0000023432618000, 0x0000023431942800
}

Java Threads: ( => current thread )
  0x000002341265e800 JavaThread "main" [_thread_blocked, id=8372, stack(0x0000008a03700000,0x0000008a03800000)]
  0x000002342ea84000 JavaThread "Reference Handler" daemon [_thread_blocked, id=6760, stack(0x0000008a03e00000,0x0000008a03f00000)]
  0x000002342ea87800 JavaThread "Finalizer" daemon [_thread_blocked, id=4648, stack(0x0000008a03f00000,0x0000008a04000000)]
  0x000002342eaa1000 JavaThread "Signal Dispatcher" daemon [_thread_blocked, id=8240, stack(0x0000008a04000000,0x0000008a04100000)]
  0x000002342eaa2000 JavaThread "Attach Listener" daemon [_thread_blocked, id=7308, stack(0x0000008a04100000,0x0000008a04200000)]
  0x000002342eaa3800 JavaThread "Service Thread" daemon [_thread_blocked, id=3924, stack(0x0000008a04200000,0x0000008a04300000)]
=>0x000002342eaa7000 JavaThread "C2 CompilerThread0" daemon [_thread_in_native, id=12624, stack(0x0000008a04300000,0x0000008a04400000)]
  0x000002342eaad000 JavaThread "C1 CompilerThread0" daemon [_thread_in_vm, id=1636, stack(0x0000008a04400000,0x0000008a04500000)]
  0x000002342f432800 JavaThread "Sweeper thread" daemon [_thread_blocked, id=10516, stack(0x0000008a04500000,0x0000008a04600000)]
  0x000002342f58b800 JavaThread "Common-Cleaner" daemon [_thread_blocked, id=3384, stack(0x0000008a04600000,0x0000008a04700000)]
  0x00000234315ad000 JavaThread "Daemon health stats" [_thread_blocked, id=13044, stack(0x0000008a04c00000,0x0000008a04d00000)]
  0x000002342f62e800 JavaThread "Incoming local TCP Connector on port 59096" [_thread_in_native, id=11768, stack(0x0000008a04800000,0x0000008a04900000)]
  0x000002342f978800 JavaThread "Daemon periodic checks" [_thread_blocked, id=3896, stack(0x0000008a04900000,0x0000008a04a00000)]
  0x000002343195a800 JavaThread "Cache worker for file hash cache (C:\Users\Huawei\.gradle\caches\7.0.2\fileHashes)" [_thread_blocked, id=1084, stack(0x0000008a05900000,0x0000008a05a00000)]
  0x000002343195b000 JavaThread "File lock request listener" [_thread_in_native, id=2972, stack(0x0000008a05a00000,0x0000008a05b00000)]
  0x000002343195c000 JavaThread "Cache worker for journal cache (C:\Users\Huawei\.gradle\caches\journal-1)" [_thread_blocked, id=6608, stack(0x0000008a05c00000,0x0000008a05d00000)]
  0x0000023431957000 JavaThread "File watcher server" daemon [_thread_in_native, id=5340, stack(0x0000008a06000000,0x0000008a06100000)]
  0x000002343195d800 JavaThread "File watcher consumer" daemon [_thread_blocked, id=2552, stack(0x0000008a06100000,0x0000008a06200000)]
  0x0000023431958000 JavaThread "jar transforms" [_thread_blocked, id=8060, stack(0x0000008a06200000,0x0000008a06300000)]
  0x0000023431959800 JavaThread "jar transforms Thread 2" [_thread_blocked, id=5456, stack(0x0000008a06300000,0x0000008a06400000)]
  0x0000023432847800 JavaThread "jar transforms Thread 3" [_thread_blocked, id=5228, stack(0x0000008a06400000,0x0000008a06500000)]
  0x0000023432848000 JavaThread "jar transforms Thread 4" [_thread_blocked, id=7772, stack(0x0000008a06500000,0x0000008a06600000)]
  0x0000023432842800 JavaThread "jar transforms Thread 5" [_thread_blocked, id=7432, stack(0x0000008a06600000,0x0000008a06700000)]
  0x0000023432844000 JavaThread "jar transforms Thread 6" [_thread_blocked, id=3852, stack(0x0000008a06700000,0x0000008a06800000)]
  0x0000023432845800 JavaThread "jar transforms Thread 7" [_thread_blocked, id=13036, stack(0x0000008a06800000,0x0000008a06900000)]
  0x0000023432846800 JavaThread "jar transforms Thread 8" [_thread_blocked, id=7716, stack(0x0000008a06900000,0x0000008a06a00000)]
  0x000002343284a000 JavaThread "Cache worker for execution history cache (C:\Users\Huawei\.gradle\caches\7.0.2\executionHistory)" [_thread_blocked, id=8052, stack(0x0000008a06d00000,0x0000008a06e00000)]
  0x000002343284f800 JavaThread "Cache worker for file content cache (C:\Users\Huawei\.gradle\caches\7.0.2\fileContent)" [_thread_blocked, id=12748, stack(0x0000008a06e00000,0x0000008a06f00000)]
  0x0000023432611000 JavaThread "Memory manager" [_thread_blocked, id=7684, stack(0x0000008a07900000,0x0000008a07a00000)]
  0x0000023432611800 JavaThread "Daemon Thread 2" [_thread_blocked, id=2820, stack(0x0000008a03400000,0x0000008a03500000)]
  0x0000023432612800 JavaThread "Handler for socket connection from /127.0.0.1:59096 to /127.0.0.1:60278" [_thread_in_native, id=10624, stack(0x0000008a03500000,0x0000008a03600000)]
  0x000002343260f000 JavaThread "Cancel handler" [_thread_blocked, id=12924, stack(0x0000008a03600000,0x0000008a03700000)]
  0x000002343260c800 JavaThread "Daemon worker Thread 2" [_thread_in_Java, id=992, stack(0x0000008a04d00000,0x0000008a04e00000)]
  0x0000023432613000 JavaThread "Asynchronous log dispatcher for DefaultDaemonConnection: socket connection from /127.0.0.1:59096 to /127.0.0.1:60278" [_thread_blocked, id=13196, stack(0x0000008a04e00000,0x0000008a04f00000)]
  0x000002343260d800 JavaThread "Stdin handler" [_thread_blocked, id=9392, stack(0x0000008a04f00000,0x0000008a05000000)]
  0x000002343261a800 JavaThread "Daemon client event forwarder" [_thread_blocked, id=2476, stack(0x0000008a05000000,0x0000008a05100000)]
  0x0000023432619800 JavaThread "Cache worker for file hash cache (D:\MyApplication\.gradle\7.0.2\fileHashes)" [_thread_blocked, id=9164, stack(0x0000008a05100000,0x0000008a05200000)]
  0x00000234301f3000 JavaThread "C2 CompilerThread1" daemon [_thread_in_native, id=5236, stack(0x0000008a05200000,0x0000008a05300000)]
  0x000002343261b800 JavaThread "Cache worker for checksums cache (D:\MyApplication\.gradle\checksums)" [_thread_blocked, id=8600, stack(0x0000008a05300000,0x0000008a05400000)]
  0x0000023432615800 JavaThread "Cache worker for cache directory md-supplier (C:\Users\Huawei\.gradle\caches\7.0.2\md-supplier)" [_thread_blocked, id=8820, stack(0x0000008a05d00000,0x0000008a05e00000)]
  0x0000023432616800 JavaThread "Cache worker for cache directory md-rule (C:\Users\Huawei\.gradle\caches\7.0.2\md-rule)" [_thread_blocked, id=11076, stack(0x0000008a05e00000,0x0000008a05f00000)]
  0x0000023432617800 JavaThread "Cache worker for dependencies-accessors (D:\MyApplication\.gradle\7.0.2\dependencies-accessors)" [_thread_blocked, id=13256, stack(0x0000008a05f00000,0x0000008a06000000)]
  0x0000023432618000 JavaThread "Cache worker for Build Output Cleanup Cache (D:\MyApplication\.gradle\buildOutputCleanup)" [_thread_blocked, id=8888, stack(0x0000008a06a00000,0x0000008a06b00000)]
  0x0000023431942800 JavaThread "C2 CompilerThread2" daemon [_thread_in_native, id=10952, stack(0x0000008a06b00000,0x0000008a06c00000)]

Other Threads:
  0x000002342ea7f000 VMThread "VM Thread" [stack: 0x0000008a03d00000,0x0000008a03e00000] [id=6936]
  0x000002342f5af000 WatcherThread [stack: 0x0000008a04700000,0x0000008a04800000] [id=12160]
  0x0000023412677800 GCTaskThread "GC Thread#0" [stack: 0x0000008a03800000,0x0000008a03900000] [id=4216]
  0x00000234304ec800 GCTaskThread "GC Thread#1" [stack: 0x0000008a04a00000,0x0000008a04b00000] [id=3712]
  0x0000023430185000 GCTaskThread "GC Thread#2" [stack: 0x0000008a04b00000,0x0000008a04c00000] [id=4708]
  0x00000234315d3000 GCTaskThread "GC Thread#3" [stack: 0x0000008a05400000,0x0000008a05500000] [id=6968]
  0x0000023431e96000 GCTaskThread "GC Thread#4" [stack: 0x0000008a05500000,0x0000008a05600000] [id=4428]
  0x0000023431372000 GCTaskThread "GC Thread#5" [stack: 0x0000008a05600000,0x0000008a05700000] [id=9152]
  0x0000023431945800 GCTaskThread "GC Thread#6" [stack: 0x0000008a05700000,0x0000008a05800000] [id=12976]
  0x0000023431946000 GCTaskThread "GC Thread#7" [stack: 0x0000008a05800000,0x0000008a05900000] [id=13288]
  0x00000234126a8800 ConcurrentGCThread "G1 Main Marker" [stack: 0x0000008a03900000,0x0000008a03a00000] [id=10332]
  0x00000234126a9800 ConcurrentGCThread "G1 Conc#0" [stack: 0x0000008a03a00000,0x0000008a03b00000] [id=12772]
  0x0000023431879800 ConcurrentGCThread "G1 Conc#1" [stack: 0x0000008a05b00000,0x0000008a05c00000] [id=2192]
  0x000002342e8d2800 ConcurrentGCThread "G1 Refine#0" [stack: 0x0000008a03b00000,0x0000008a03c00000] [id=11412]
  0x000002341272a800 ConcurrentGCThread "G1 Young RemSet Sampling" [stack: 0x0000008a03c00000,0x0000008a03d00000] [id=1704]

Threads with active compile tasks:
C2 CompilerThread01478546 12114       4       java.lang.Class::privateGetPublicMethods (224 bytes)
C1 CompilerThread01478546 12253       3       org.gradle.api.internal.artifacts.ivyservice.ivyresolve.ErrorHandlingModuleComponentRepository$ErrorHandlingModuleComponentRepositoryAccess::resolveArtifacts (27 bytes)
C2 CompilerThread11478546 12073       4       org.gradle.internal.service.DefaultServiceRegistry$OwnServices$ProviderAnalyser::analyseType (114 bytes)
C2 CompilerThread21478546 12243       4       java.util.Arrays::copyOfRange (89 bytes)

VM state:not at safepoint (normal execution)

VM Mutex/Monitor currently owned by a thread: None

Heap address: 0x0000000080000000, size: 2048 MB, Compressed Oops mode: 32-bit
Narrow klass base: 0x0000000000000000, Narrow klass shift: 3
Compressed class space size: 1073741824 Address: 0x0000000100000000

Heap:
 garbage-first heap   total 225280K, used 134008K [0x0000000080000000, 0x0000000100000000)
  region size 1024K, 40 young (40960K), 7 survivors (7168K)
 Metaspace       used 100726K, capacity 103909K, committed 104064K, reserved 1138688K
  class space    used 13040K, capacity 14161K, committed 14208K, reserved 1048576K
Heap Regions: E=young(eden), S=young(survivor), O=old, HS=humongous(starts), HC=humongous(continues), CS=collection set, F=free, A=archive, TAMS=top-at-mark-start (previous, next)
|   0|0x0000000080000000, 0x0000000080100000, 0x0000000080100000|100%| O|  |TAMS 0x0000000080100000, 0x0000000080000000| Untracked 
|   1|0x0000000080100000, 0x0000000080200000, 0x0000000080200000|100%| O|  |TAMS 0x0000000080200000, 0x0000000080100000| Untracked 
|   2|0x0000000080200000, 0x0000000080300000, 0x0000000080300000|100%| O|  |TAMS 0x0000000080300000, 0x0000000080200000| Untracked 
|   3|0x0000000080300000, 0x0000000080400000, 0x0000000080400000|100%|HS|  |TAMS 0x0000000080400000, 0x0000000080300000| Complete 
|   4|0x0000000080400000, 0x0000000080500000, 0x0000000080500000|100%|HC|  |TAMS 0x0000000080500000, 0x0000000080400000| Complete 
|   5|0x0000000080500000, 0x0000000080600000, 0x0000000080600000|100%|HC|  |TAMS 0x0000000080600000, 0x0000000080500000| Complete 
|   6|0x0000000080600000, 0x0000000080700000, 0x0000000080700000|100%| O|  |TAMS 0x0000000080700000, 0x0000000080600000| Untracked 
|   7|0x0000000080700000, 0x0000000080800000, 0x0000000080800000|100%| O|  |TAMS 0x0000000080800000, 0x0000000080700000| Untracked 
|   8|0x0000000080800000, 0x0000000080900000, 0x0000000080900000|100%| O|  |TAMS 0x0000000080900000, 0x0000000080800000| Untracked 
|   9|0x0000000080900000, 0x0000000080a00000, 0x0000000080a00000|100%| O|  |TAMS 0x0000000080a00000, 0x0000000080900000| Untracked 
|  10|0x0000000080a00000, 0x0000000080b00000, 0x0000000080b00000|100%| O|  |TAMS 0x0000000080b00000, 0x0000000080a00000| Untracked 
|  11|0x0000000080b00000, 0x0000000080c00000, 0x0000000080c00000|100%| O|  |TAMS 0x0000000080c00000, 0x0000000080b00000| Untracked 
|  12|0x0000000080c00000, 0x0000000080d00000, 0x0000000080d00000|100%| O|  |TAMS 0x0000000080d00000, 0x0000000080c00000| Untracked 
|  13|0x0000000080d00000, 0x0000000080e00000, 0x0000000080e00000|100%| O|  |TAMS 0x0000000080e00000, 0x0000000080d00000| Untracked 
|  14|0x0000000080e00000, 0x0000000080f00000, 0x0000000080f00000|100%| O|  |TAMS 0x0000000080f00000, 0x0000000080e00000| Untracked 
|  15|0x0000000080f00000, 0x0000000081000000, 0x0000000081000000|100%| O|  |TAMS 0x0000000081000000, 0x0000000080f00000| Untracked 
|  16|0x0000000081000000, 0x0000000081100000, 0x0000000081100000|100%|HS|  |TAMS 0x0000000081100000, 0x0000000081000000| Complete 
|  17|0x0000000081100000, 0x0000000081200000, 0x0000000081200000|100%|HC|  |TAMS 0x0000000081200000, 0x0000000081100000| Complete 
|  18|0x0000000081200000, 0x0000000081300000, 0x0000000081300000|100%|HS|  |TAMS 0x0000000081300000, 0x0000000081200000| Complete 
|  19|0x0000000081300000, 0x0000000081400000, 0x0000000081400000|100%|HC|  |TAMS 0x0000000081400000, 0x0000000081300000| Complete 
|  20|0x0000000081400000, 0x0000000081500000, 0x0000000081500000|100%|HC|  |TAMS 0x0000000081500000, 0x0000000081400000| Complete 
|  21|0x0000000081500000, 0x0000000081600000, 0x0000000081600000|100%|HS|  |TAMS 0x0000000081600000, 0x0000000081500000| Complete 
|  22|0x0000000081600000, 0x0000000081700000, 0x0000000081700000|100%|HC|  |TAMS 0x0000000081700000, 0x0000000081600000| Complete 
|  23|0x0000000081700000, 0x0000000081800000, 0x0000000081800000|100%|HC|  |TAMS 0x0000000081800000, 0x0000000081700000| Complete 
|  24|0x0000000081800000, 0x0000000081900000, 0x0000000081900000|100%|HC|  |TAMS 0x0000000081900000, 0x0000000081800000| Complete 
|  25|0x0000000081900000, 0x0000000081a00000, 0x0000000081a00000|100%|HC|  |TAMS 0x0000000081a00000, 0x0000000081900000| Complete 
|  26|0x0000000081a00000, 0x0000000081b00000, 0x0000000081b00000|100%| O|  |TAMS 0x0000000081b00000, 0x0000000081a00000| Untracked 
|  27|0x0000000081b00000, 0x0000000081c00000, 0x0000000081c00000|100%| O|  |TAMS 0x0000000081c00000, 0x0000000081b00000| Untracked 
|  28|0x0000000081c00000, 0x0000000081d00000, 0x0000000081d00000|100%| O|  |TAMS 0x0000000081d00000, 0x0000000081c00000| Untracked 
|  29|0x0000000081d00000, 0x0000000081e00000, 0x0000000081e00000|100%| O|  |TAMS 0x0000000081e00000, 0x0000000081d00000| Untracked 
|  30|0x0000000081e00000, 0x0000000081f00000, 0x0000000081f00000|100%| O|  |TAMS 0x0000000081f00000, 0x0000000081e00000| Untracked 
|  31|0x0000000081f00000, 0x0000000082000000, 0x0000000082000000|100%| O|  |TAMS 0x0000000082000000, 0x0000000081f00000| Untracked 
|  32|0x0000000082000000, 0x0000000082100000, 0x0000000082100000|100%| O|  |TAMS 0x0000000082100000, 0x0000000082000000| Untracked 
|  33|0x0000000082100000, 0x0000000082200000, 0x0000000082200000|100%| O|  |TAMS 0x0000000082200000, 0x0000000082100000| Untracked 
|  34|0x0000000082200000, 0x0000000082300000, 0x0000000082300000|100%| O|  |TAMS 0x0000000082300000, 0x0000000082200000| Untracked 
|  35|0x0000000082300000, 0x0000000082400000, 0x0000000082400000|100%|HS|  |TAMS 0x0000000082400000, 0x0000000082300000| Complete 
|  36|0x0000000082400000, 0x0000000082500000, 0x0000000082500000|100%|HC|  |TAMS 0x0000000082500000, 0x0000000082400000| Complete 
|  37|0x0000000082500000, 0x0000000082600000, 0x0000000082600000|100%|HC|  |TAMS 0x0000000082600000, 0x0000000082500000| Complete 
|  38|0x0000000082600000, 0x0000000082700000, 0x0000000082700000|100%|HC|  |TAMS 0x0000000082700000, 0x0000000082600000| Complete 
|  39|0x0000000082700000, 0x0000000082800000, 0x0000000082800000|100%|HC|  |TAMS 0x0000000082800000, 0x0000000082700000| Complete 
|  40|0x0000000082800000, 0x0000000082900000, 0x0000000082900000|100%|HS|  |TAMS 0x0000000082900000, 0x0000000082800000| Complete 
|  41|0x0000000082900000, 0x0000000082a00000, 0x0000000082a00000|100%|HC|  |TAMS 0x0000000082a00000, 0x0000000082900000| Complete 
|  42|0x0000000082a00000, 0x0000000082b00000, 0x0000000082b00000|100%|HC|  |TAMS 0x0000000082b00000, 0x0000000082a00000| Complete 
|  43|0x0000000082b00000, 0x0000000082c00000, 0x0000000082c00000|100%| O|  |TAMS 0x0000000082c00000, 0x0000000082b00000| Untracked 
|  44|0x0000000082c00000, 0x0000000082d00000, 0x0000000082d00000|100%| O|  |TAMS 0x0000000082d00000, 0x0000000082c00000| Untracked 
|  45|0x0000000082d00000, 0x0000000082e00000, 0x0000000082e00000|100%| O|  |TAMS 0x0000000082e00000, 0x0000000082d00000| Untracked 
|  46|0x0000000082e00000, 0x0000000082f00000, 0x0000000082f00000|100%| O|  |TAMS 0x0000000082f00000, 0x0000000082e00000| Untracked 
|  47|0x0000000082f00000, 0x0000000083000000, 0x0000000083000000|100%| O|  |TAMS 0x0000000083000000, 0x0000000082f00000| Untracked 
|  48|0x0000000083000000, 0x0000000083100000, 0x0000000083100000|100%| O|  |TAMS 0x0000000083100000, 0x0000000083000000| Untracked 
|  49|0x0000000083100000, 0x0000000083200000, 0x0000000083200000|100%| O|  |TAMS 0x0000000083200000, 0x0000000083100000| Untracked 
|  50|0x0000000083200000, 0x0000000083300000, 0x0000000083300000|100%| O|  |TAMS 0x0000000083300000, 0x0000000083200000| Untracked 
|  51|0x0000000083300000, 0x0000000083400000, 0x0000000083400000|100%| O|  |TAMS 0x0000000083400000, 0x0000000083300000| Untracked 
|  52|0x0000000083400000, 0x0000000083500000, 0x0000000083500000|100%|HS|  |TAMS 0x0000000083500000, 0x0000000083400000| Complete 
|  53|0x0000000083500000, 0x0000000083600000, 0x0000000083600000|100%|HS|  |TAMS 0x0000000083600000, 0x0000000083500000| Complete 
|  54|0x0000000083600000, 0x0000000083700000, 0x0000000083700000|100%|HS|  |TAMS 0x0000000083700000, 0x0000000083600000| Complete 
|  55|0x0000000083700000, 0x0000000083800000, 0x0000000083800000|100%|HC|  |TAMS 0x0000000083800000, 0x0000000083700000| Complete 
|  56|0x0000000083800000, 0x0000000083900000, 0x0000000083900000|100%| O|  |TAMS 0x0000000083900000, 0x0000000083800000| Untracked 
|  57|0x0000000083900000, 0x0000000083a00000, 0x0000000083a00000|100%| O|  |TAMS 0x0000000083a00000, 0x0000000083900000| Untracked 
|  58|0x0000000083a00000, 0x0000000083b00000, 0x0000000083b00000|100%| O|  |TAMS 0x0000000083b00000, 0x0000000083a00000| Untracked 
|  59|0x0000000083b00000, 0x0000000083c00000, 0x0000000083c00000|100%| O|  |TAMS 0x0000000083c00000, 0x0000000083b00000| Untracked 
|  60|0x0000000083c00000, 0x0000000083d00000, 0x0000000083d00000|100%| O|  |TAMS 0x0000000083d00000, 0x0000000083c00000| Untracked 
|  61|0x0000000083d00000, 0x0000000083e00000, 0x0000000083e00000|100%| O|  |TAMS 0x0000000083e00000, 0x0000000083d00000| Untracked 
|  62|0x0000000083e00000, 0x0000000083f00000, 0x0000000083f00000|100%| O|  |TAMS 0x0000000083f00000, 0x0000000083e00000| Untracked 
|  63|0x0000000083f00000, 0x0000000084000000, 0x0000000084000000|100%| O|  |TAMS 0x0000000084000000, 0x0000000083f00000| Untracked 
|  64|0x0000000084000000, 0x0000000084100000, 0x0000000084100000|100%| O|  |TAMS 0x0000000084100000, 0x0000000084000000| Untracked 
|  65|0x0000000084100000, 0x0000000084200000, 0x0000000084200000|100%| O|  |TAMS 0x0000000084200000, 0x0000000084100000| Untracked 
|  66|0x0000000084200000, 0x0000000084300000, 0x0000000084300000|100%| O|  |TAMS 0x0000000084300000, 0x0000000084200000| Untracked 
|  67|0x0000000084300000, 0x0000000084400000, 0x0000000084400000|100%| O|  |TAMS 0x0000000084400000, 0x0000000084300000| Untracked 
|  68|0x0000000084400000, 0x0000000084500000, 0x0000000084500000|100%| O|  |TAMS 0x0000000084500000, 0x0000000084400000| Untracked 
|  69|0x0000000084500000, 0x0000000084600000, 0x0000000084600000|100%| O|  |TAMS 0x0000000084600000, 0x0000000084500000| Untracked 
|  70|0x0000000084600000, 0x0000000084700000, 0x0000000084700000|100%| O|  |TAMS 0x0000000084700000, 0x0000000084600000| Untracked 
|  71|0x0000000084700000, 0x0000000084800000, 0x0000000084800000|100%| O|  |TAMS 0x0000000084800000, 0x0000000084700000| Untracked 
|  72|0x0000000084800000, 0x0000000084900000, 0x0000000084900000|100%| O|  |TAMS 0x0000000084900000, 0x0000000084800000| Untracked 
|  73|0x0000000084900000, 0x0000000084a00000, 0x0000000084a00000|100%| O|  |TAMS 0x0000000084a00000, 0x0000000084900000| Untracked 
|  74|0x0000000084a00000, 0x0000000084b00000, 0x0000000084b00000|100%| O|  |TAMS 0x0000000084b00000, 0x0000000084a00000| Untracked 
|  75|0x0000000084b00000, 0x0000000084c00000, 0x0000000084c00000|100%| O|  |TAMS 0x0000000084c00000, 0x0000000084b00000| Untracked 
|  76|0x0000000084c00000, 0x0000000084d00000, 0x0000000084d00000|100%| O|  |TAMS 0x0000000084d00000, 0x0000000084c00000| Untracked 
|  77|0x0000000084d00000, 0x0000000084e00000, 0x0000000084e00000|100%| O|  |TAMS 0x0000000084e00000, 0x0000000084d00000| Untracked 
|  78|0x0000000084e00000, 0x0000000084f00000, 0x0000000084f00000|100%| O|  |TAMS 0x0000000084f00000, 0x0000000084e00000| Untracked 
|  79|0x0000000084f00000, 0x0000000085000000, 0x0000000085000000|100%| O|  |TAMS 0x0000000085000000, 0x0000000084f00000| Untracked 
|  80|0x0000000085000000, 0x0000000085100000, 0x0000000085100000|100%| O|  |TAMS 0x0000000085100000, 0x0000000085000000| Untracked 
|  81|0x0000000085100000, 0x0000000085200000, 0x0000000085200000|100%| O|  |TAMS 0x0000000085200000, 0x0000000085100000| Untracked 
|  82|0x0000000085200000, 0x0000000085300000, 0x0000000085300000|100%| O|  |TAMS 0x0000000085300000, 0x0000000085200000| Untracked 
|  83|0x0000000085300000, 0x0000000085400000, 0x0000000085400000|100%| O|  |TAMS 0x0000000085400000, 0x0000000085300000| Untracked 
|  84|0x0000000085400000, 0x0000000085500000, 0x0000000085500000|100%| O|  |TAMS 0x0000000085500000, 0x0000000085400000| Untracked 
|  85|0x0000000085500000, 0x0000000085600000, 0x0000000085600000|100%| O|  |TAMS 0x00000000855b0000, 0x0000000085500000| Untracked 
|  86|0x0000000085600000, 0x0000000085700000, 0x0000000085700000|100%| O|  |TAMS 0x0000000085600000, 0x0000000085600000| Untracked 
|  87|0x0000000085700000, 0x0000000085800000, 0x0000000085800000|100%| O|  |TAMS 0x0000000085700000, 0x0000000085700000| Untracked 
|  88|0x0000000085800000, 0x0000000085900000, 0x0000000085900000|100%| O|  |TAMS 0x0000000085800000, 0x0000000085800000| Untracked 
|  89|0x0000000085900000, 0x0000000085a00000, 0x0000000085a00000|100%| O|  |TAMS 0x0000000085900000, 0x0000000085900000| Untracked 
|  90|0x0000000085a00000, 0x0000000085b00000, 0x0000000085b00000|100%| O|  |TAMS 0x0000000085a00000, 0x0000000085a00000| Untracked 
|  91|0x0000000085b00000, 0x0000000085c00000, 0x0000000085c00000|100%| O|  |TAMS 0x0000000085b00000, 0x0000000085b00000| Untracked 
|  92|0x0000000085c00000, 0x0000000085cde200, 0x0000000085d00000| 86%| O|  |TAMS 0x0000000085c00000, 0x0000000085c00000| Untracked 
|  93|0x0000000085d00000, 0x0000000085d00000, 0x0000000085e00000|  0%| F|  |TAMS 0x0000000085d00000, 0x0000000085d00000| Untracked 
|  94|0x0000000085e00000, 0x0000000085e00000, 0x0000000085f00000|  0%| F|  |TAMS 0x0000000085e00000, 0x0000000085e00000| Untracked 
|  95|0x0000000085f00000, 0x0000000085f00000, 0x0000000086000000|  0%| F|  |TAMS 0x0000000085f00000, 0x0000000085f00000| Untracked 
|  96|0x0000000086000000, 0x0000000086000000, 0x0000000086100000|  0%| F|  |TAMS 0x0000000086000000, 0x0000000086000000| Untracked 
|  97|0x0000000086100000, 0x0000000086100000, 0x0000000086200000|  0%| F|  |TAMS 0x0000000086100000, 0x0000000086100000| Untracked 
|  98|0x0000000086200000, 0x0000000086200000, 0x0000000086300000|  0%| F|  |TAMS 0x0000000086200000, 0x0000000086200000| Untracked 
|  99|0x0000000086300000, 0x0000000086300000, 0x0000000086400000|  0%| F|  |TAMS 0x0000000086300000, 0x0000000086300000| Untracked 
| 100|0x0000000086400000, 0x0000000086400000, 0x0000000086500000|  0%| F|  |TAMS 0x0000000086400000, 0x0000000086400000| Untracked 
| 101|0x0000000086500000, 0x0000000086500000, 0x0000000086600000|  0%| F|  |TAMS 0x0000000086500000, 0x0000000086500000| Untracked 
| 102|0x0000000086600000, 0x0000000086600000, 0x0000000086700000|  0%| F|  |TAMS 0x0000000086600000, 0x0000000086600000| Untracked 
| 103|0x0000000086700000, 0x0000000086700000, 0x0000000086800000|  0%| F|  |TAMS 0x0000000086700000, 0x0000000086700000| Untracked 
| 104|0x0000000086800000, 0x0000000086800000, 0x0000000086900000|  0%| F|  |TAMS 0x0000000086800000, 0x0000000086800000| Untracked 
| 105|0x0000000086900000, 0x0000000086900000, 0x0000000086a00000|  0%| F|  |TAMS 0x0000000086900000, 0x0000000086900000| Untracked 
| 106|0x0000000086a00000, 0x0000000086a00000, 0x0000000086b00000|  0%| F|  |TAMS 0x0000000086a00000, 0x0000000086a00000| Untracked 
| 107|0x0000000086b00000, 0x0000000086b00000, 0x0000000086c00000|  0%| F|  |TAMS 0x0000000086b00000, 0x0000000086b00000| Untracked 
| 108|0x0000000086c00000, 0x0000000086c00000, 0x0000000086d00000|  0%| F|  |TAMS 0x0000000086c00000, 0x0000000086c00000| Untracked 
| 109|0x0000000086d00000, 0x0000000086d00000, 0x0000000086e00000|  0%| F|  |TAMS 0x0000000086d00000, 0x0000000086d00000| Untracked 
| 110|0x0000000086e00000, 0x0000000086e00000, 0x0000000086f00000|  0%| F|  |TAMS 0x0000000086e00000, 0x0000000086e00000| Untracked 
| 111|0x0000000086f00000, 0x0000000086f00000, 0x0000000087000000|  0%| F|  |TAMS 0x0000000086f00000, 0x0000000086f00000| Untracked 
| 112|0x0000000087000000, 0x0000000087000000, 0x0000000087100000|  0%| F|  |TAMS 0x0000000087000000, 0x0000000087000000| Untracked 
| 113|0x0000000087100000, 0x0000000087100000, 0x0000000087200000|  0%| F|  |TAMS 0x0000000087100000, 0x0000000087100000| Untracked 
| 114|0x0000000087200000, 0x0000000087200000, 0x0000000087300000|  0%| F|  |TAMS 0x0000000087200000, 0x0000000087200000| Untracked 
| 115|0x0000000087300000, 0x0000000087300000, 0x0000000087400000|  0%| F|  |TAMS 0x0000000087300000, 0x0000000087300000| Untracked 
| 116|0x0000000087400000, 0x0000000087400000, 0x0000000087500000|  0%| F|  |TAMS 0x0000000087400000, 0x0000000087400000| Untracked 
| 117|0x0000000087500000, 0x0000000087500000, 0x0000000087600000|  0%| F|  |TAMS 0x0000000087500000, 0x0000000087500000| Untracked 
| 118|0x0000000087600000, 0x0000000087600000, 0x0000000087700000|  0%| F|  |TAMS 0x0000000087600000, 0x0000000087600000| Untracked 
| 119|0x0000000087700000, 0x0000000087700000, 0x0000000087800000|  0%| F|  |TAMS 0x0000000087700000, 0x0000000087700000| Untracked 
| 120|0x0000000087800000, 0x0000000087800000, 0x0000000087900000|  0%| F|  |TAMS 0x0000000087800000, 0x0000000087800000| Untracked 
| 121|0x0000000087900000, 0x0000000087900000, 0x0000000087a00000|  0%| F|  |TAMS 0x0000000087900000, 0x0000000087900000| Untracked 
| 122|0x0000000087a00000, 0x0000000087a00000, 0x0000000087b00000|  0%| F|  |TAMS 0x0000000087a00000, 0x0000000087a00000| Untracked 
| 123|0x0000000087b00000, 0x0000000087b00000, 0x0000000087c00000|  0%| F|  |TAMS 0x0000000087b00000, 0x0000000087b00000| Untracked 
| 124|0x0000000087c00000, 0x0000000087c00000, 0x0000000087d00000|  0%| F|  |TAMS 0x0000000087c00000, 0x0000000087c00000| Untracked 
| 125|0x0000000087d00000, 0x0000000087d00000, 0x0000000087e00000|  0%| F|  |TAMS 0x0000000087d00000, 0x0000000087d00000| Untracked 
| 126|0x0000000087e00000, 0x0000000087e00000, 0x0000000087f00000|  0%| F|  |TAMS 0x0000000087e00000, 0x0000000087e00000| Untracked 
| 127|0x0000000087f00000, 0x0000000087f00000, 0x0000000088000000|  0%| F|  |TAMS 0x0000000087f00000, 0x0000000087f00000| Untracked 
| 128|0x0000000088000000, 0x0000000088000000, 0x0000000088100000|  0%| F|  |TAMS 0x0000000088000000, 0x0000000088000000| Untracked 
| 129|0x0000000088100000, 0x0000000088100000, 0x0000000088200000|  0%| F|  |TAMS 0x0000000088100000, 0x0000000088100000| Untracked 
| 130|0x0000000088200000, 0x0000000088200000, 0x0000000088300000|  0%| F|  |TAMS 0x0000000088200000, 0x0000000088200000| Untracked 
| 131|0x0000000088300000, 0x0000000088300000, 0x0000000088400000|  0%| F|  |TAMS 0x0000000088300000, 0x0000000088300000| Untracked 
| 132|0x0000000088400000, 0x0000000088400000, 0x0000000088500000|  0%| F|  |TAMS 0x0000000088400000, 0x0000000088400000| Untracked 
| 133|0x0000000088500000, 0x0000000088500000, 0x0000000088600000|  0%| F|  |TAMS 0x0000000088500000, 0x0000000088500000| Untracked 
| 134|0x0000000088600000, 0x0000000088600000, 0x0000000088700000|  0%| F|  |TAMS 0x0000000088600000, 0x0000000088600000| Untracked 
| 135|0x0000000088700000, 0x0000000088700000, 0x0000000088800000|  0%| F|  |TAMS 0x0000000088700000, 0x0000000088700000| Untracked 
| 136|0x0000000088800000, 0x0000000088800000, 0x0000000088900000|  0%| F|  |TAMS 0x0000000088800000, 0x0000000088800000| Untracked 
| 137|0x0000000088900000, 0x0000000088900000, 0x0000000088a00000|  0%| F|  |TAMS 0x0000000088900000, 0x0000000088900000| Untracked 
| 138|0x0000000088a00000, 0x0000000088b00000, 0x0000000088b00000|100%| S|CS|TAMS 0x0000000088a00000, 0x0000000088a00000| Complete 
| 139|0x0000000088b00000, 0x0000000088c00000, 0x0000000088c00000|100%| S|CS|TAMS 0x0000000088b00000, 0x0000000088b00000| Complete 
| 140|0x0000000088c00000, 0x0000000088d00000, 0x0000000088d00000|100%| S|CS|TAMS 0x0000000088c00000, 0x0000000088c00000| Complete 
| 141|0x0000000088d00000, 0x0000000088e00000, 0x0000000088e00000|100%| S|CS|TAMS 0x0000000088d00000, 0x0000000088d00000| Complete 
| 142|0x0000000088e00000, 0x0000000088f00000, 0x0000000088f00000|100%| S|CS|TAMS 0x0000000088e00000, 0x0000000088e00000| Complete 
| 143|0x0000000088f00000, 0x0000000089000000, 0x0000000089000000|100%| S|CS|TAMS 0x0000000088f00000, 0x0000000088f00000| Complete 
| 144|0x0000000089000000, 0x0000000089100000, 0x0000000089100000|100%| S|CS|TAMS 0x0000000089000000, 0x0000000089000000| Complete 
| 145|0x0000000089100000, 0x0000000089100000, 0x0000000089200000|  0%| F|  |TAMS 0x0000000089100000, 0x0000000089100000| Untracked 
| 146|0x0000000089200000, 0x0000000089200000, 0x0000000089300000|  0%| F|  |TAMS 0x0000000089200000, 0x0000000089200000| Untracked 
| 147|0x0000000089300000, 0x0000000089300000, 0x0000000089400000|  0%| F|  |TAMS 0x0000000089300000, 0x0000000089300000| Untracked 
| 148|0x0000000089400000, 0x0000000089400000, 0x0000000089500000|  0%| F|  |TAMS 0x0000000089400000, 0x0000000089400000| Untracked 
| 149|0x0000000089500000, 0x0000000089500000, 0x0000000089600000|  0%| F|  |TAMS 0x0000000089500000, 0x0000000089500000| Untracked 
| 150|0x0000000089600000, 0x0000000089600000, 0x0000000089700000|  0%| F|  |TAMS 0x0000000089600000, 0x0000000089600000| Untracked 
| 151|0x0000000089700000, 0x0000000089700000, 0x0000000089800000|  0%| F|  |TAMS 0x0000000089700000, 0x0000000089700000| Untracked 
| 152|0x0000000089800000, 0x0000000089800000, 0x0000000089900000|  0%| F|  |TAMS 0x0000000089800000, 0x0000000089800000| Untracked 
| 153|0x0000000089900000, 0x0000000089900000, 0x0000000089a00000|  0%| F|  |TAMS 0x0000000089900000, 0x0000000089900000| Untracked 
| 154|0x0000000089a00000, 0x0000000089a00000, 0x0000000089b00000|  0%| F|  |TAMS 0x0000000089a00000, 0x0000000089a00000| Untracked 
| 155|0x0000000089b00000, 0x0000000089b00000, 0x0000000089c00000|  0%| F|  |TAMS 0x0000000089b00000, 0x0000000089b00000| Untracked 
| 156|0x0000000089c00000, 0x0000000089c00000, 0x0000000089d00000|  0%| F|  |TAMS 0x0000000089c00000, 0x0000000089c00000| Untracked 
| 157|0x0000000089d00000, 0x0000000089d00000, 0x0000000089e00000|  0%| F|  |TAMS 0x0000000089d00000, 0x0000000089d00000| Untracked 
| 158|0x0000000089e00000, 0x0000000089e00000, 0x0000000089f00000|  0%| F|  |TAMS 0x0000000089e00000, 0x0000000089e00000| Untracked 
| 159|0x0000000089f00000, 0x0000000089f00000, 0x000000008a000000|  0%| F|  |TAMS 0x0000000089f00000, 0x0000000089f00000| Untracked 
| 160|0x000000008a000000, 0x000000008a000000, 0x000000008a100000|  0%| F|  |TAMS 0x000000008a000000, 0x000000008a000000| Untracked 
| 161|0x000000008a100000, 0x000000008a100000, 0x000000008a200000|  0%| F|  |TAMS 0x000000008a100000, 0x000000008a100000| Untracked 
| 162|0x000000008a200000, 0x000000008a200000, 0x000000008a300000|  0%| F|  |TAMS 0x000000008a200000, 0x000000008a200000| Untracked 
| 163|0x000000008a300000, 0x000000008a300000, 0x000000008a400000|  0%| F|  |TAMS 0x000000008a300000, 0x000000008a300000| Untracked 
| 164|0x000000008a400000, 0x000000008a400000, 0x000000008a500000|  0%| F|  |TAMS 0x000000008a400000, 0x000000008a400000| Untracked 
| 165|0x000000008a500000, 0x000000008a500000, 0x000000008a600000|  0%| F|  |TAMS 0x000000008a500000, 0x000000008a500000| Untracked 
| 166|0x000000008a600000, 0x000000008a600000, 0x000000008a700000|  0%| F|  |TAMS 0x000000008a600000, 0x000000008a600000| Untracked 
| 167|0x000000008a700000, 0x000000008a700000, 0x000000008a800000|  0%| F|  |TAMS 0x000000008a700000, 0x000000008a700000| Untracked 
| 168|0x000000008a800000, 0x000000008a800000, 0x000000008a900000|  0%| F|  |TAMS 0x000000008a800000, 0x000000008a800000| Untracked 
| 169|0x000000008a900000, 0x000000008a900000, 0x000000008aa00000|  0%| F|  |TAMS 0x000000008a900000, 0x000000008a900000| Untracked 
| 170|0x000000008aa00000, 0x000000008aa00000, 0x000000008ab00000|  0%| F|  |TAMS 0x000000008aa00000, 0x000000008aa00000| Untracked 
| 171|0x000000008ab00000, 0x000000008ab00000, 0x000000008ac00000|  0%| F|  |TAMS 0x000000008ab00000, 0x000000008ab00000| Untracked 
| 172|0x000000008ac00000, 0x000000008ac00000, 0x000000008ad00000|  0%| F|  |TAMS 0x000000008ac00000, 0x000000008ac00000| Untracked 
| 173|0x000000008ad00000, 0x000000008ad00000, 0x000000008ae00000|  0%| F|  |TAMS 0x000000008ad00000, 0x000000008ad00000| Untracked 
| 174|0x000000008ae00000, 0x000000008ae00000, 0x000000008af00000|  0%| F|  |TAMS 0x000000008ae00000, 0x000000008ae00000| Untracked 
| 175|0x000000008af00000, 0x000000008af00000, 0x000000008b000000|  0%| F|  |TAMS 0x000000008af00000, 0x000000008af00000| Untracked 
| 176|0x000000008b000000, 0x000000008b000000, 0x000000008b100000|  0%| F|  |TAMS 0x000000008b000000, 0x000000008b000000| Untracked 
| 177|0x000000008b100000, 0x000000008b100000, 0x000000008b200000|  0%| F|  |TAMS 0x000000008b100000, 0x000000008b100000| Untracked 
| 178|0x000000008b200000, 0x000000008b200000, 0x000000008b300000|  0%| F|  |TAMS 0x000000008b200000, 0x000000008b200000| Untracked 
| 179|0x000000008b300000, 0x000000008b300000, 0x000000008b400000|  0%| F|  |TAMS 0x000000008b300000, 0x000000008b300000| Untracked 
| 180|0x000000008b400000, 0x000000008b400000, 0x000000008b500000|  0%| F|  |TAMS 0x000000008b400000, 0x000000008b400000| Untracked 
| 181|0x000000008b500000, 0x000000008b500000, 0x000000008b600000|  0%| F|  |TAMS 0x000000008b500000, 0x000000008b500000| Untracked 
| 182|0x000000008b600000, 0x000000008b600000, 0x000000008b700000|  0%| F|  |TAMS 0x000000008b600000, 0x000000008b600000| Untracked 
| 183|0x000000008b700000, 0x000000008b700000, 0x000000008b800000|  0%| F|  |TAMS 0x000000008b700000, 0x000000008b700000| Untracked 
| 184|0x000000008b800000, 0x000000008b800000, 0x000000008b900000|  0%| F|  |TAMS 0x000000008b800000, 0x000000008b800000| Untracked 
| 185|0x000000008b900000, 0x000000008b900000, 0x000000008ba00000|  0%| F|  |TAMS 0x000000008b900000, 0x000000008b900000| Untracked 
| 186|0x000000008ba00000, 0x000000008ba47420, 0x000000008bb00000| 27%| E|  |TAMS 0x000000008ba00000, 0x000000008ba00000| Complete 
| 187|0x000000008bb00000, 0x000000008bc00000, 0x000000008bc00000|100%| E|CS|TAMS 0x000000008bb00000, 0x000000008bb00000| Complete 
| 188|0x000000008bc00000, 0x000000008bd00000, 0x000000008bd00000|100%| E|CS|TAMS 0x000000008bc00000, 0x000000008bc00000| Complete 
| 189|0x000000008bd00000, 0x000000008be00000, 0x000000008be00000|100%| E|CS|TAMS 0x000000008bd00000, 0x000000008bd00000| Complete 
| 190|0x000000008be00000, 0x000000008bf00000, 0x000000008bf00000|100%| E|CS|TAMS 0x000000008be00000, 0x000000008be00000| Complete 
| 191|0x000000008bf00000, 0x000000008c000000, 0x000000008c000000|100%| E|CS|TAMS 0x000000008bf00000, 0x000000008bf00000| Complete 
| 192|0x000000008c000000, 0x000000008c100000, 0x000000008c100000|100%| E|CS|TAMS 0x000000008c000000, 0x000000008c000000| Complete 
| 193|0x000000008c100000, 0x000000008c200000, 0x000000008c200000|100%| E|CS|TAMS 0x000000008c100000, 0x000000008c100000| Complete 
| 194|0x000000008c200000, 0x000000008c300000, 0x000000008c300000|100%| E|CS|TAMS 0x000000008c200000, 0x000000008c200000| Complete 
| 195|0x000000008c300000, 0x000000008c400000, 0x000000008c400000|100%| E|CS|TAMS 0x000000008c300000, 0x000000008c300000| Complete 
| 196|0x000000008c400000, 0x000000008c500000, 0x000000008c500000|100%| E|CS|TAMS 0x000000008c400000, 0x000000008c400000| Complete 
| 197|0x000000008c500000, 0x000000008c600000, 0x000000008c600000|100%| E|CS|TAMS 0x000000008c500000, 0x000000008c500000| Complete 
| 198|0x000000008c600000, 0x000000008c700000, 0x000000008c700000|100%| E|CS|TAMS 0x000000008c600000, 0x000000008c600000| Complete 
| 199|0x000000008c700000, 0x000000008c800000, 0x000000008c800000|100%| E|  |TAMS 0x000000008c700000, 0x000000008c700000| Complete 
| 200|0x000000008c800000, 0x000000008c900000, 0x000000008c900000|100%| E|CS|TAMS 0x000000008c800000, 0x000000008c800000| Complete 
| 201|0x000000008c900000, 0x000000008ca00000, 0x000000008ca00000|100%| E|CS|TAMS 0x000000008c900000, 0x000000008c900000| Complete 
| 202|0x000000008ca00000, 0x000000008cb00000, 0x000000008cb00000|100%| E|CS|TAMS 0x000000008ca00000, 0x000000008ca00000| Complete 
| 203|0x000000008cb00000, 0x000000008cc00000, 0x000000008cc00000|100%| E|CS|TAMS 0x000000008cb00000, 0x000000008cb00000| Complete 
| 204|0x000000008cc00000, 0x000000008cd00000, 0x000000008cd00000|100%| E|CS|TAMS 0x000000008cc00000, 0x000000008cc00000| Complete 
| 205|0x000000008cd00000, 0x000000008ce00000, 0x000000008ce00000|100%| E|CS|TAMS 0x000000008cd00000, 0x000000008cd00000| Complete 
| 206|0x000000008ce00000, 0x000000008cf00000, 0x000000008cf00000|100%| E|CS|TAMS 0x000000008ce00000, 0x000000008ce00000| Complete 
| 207|0x000000008cf00000, 0x000000008d000000, 0x000000008d000000|100%| E|CS|TAMS 0x000000008cf00000, 0x000000008cf00000| Complete 
| 208|0x000000008d000000, 0x000000008d100000, 0x000000008d100000|100%| E|CS|TAMS 0x000000008d000000, 0x000000008d000000| Complete 
| 209|0x000000008d100000, 0x000000008d200000, 0x000000008d200000|100%| E|CS|TAMS 0x000000008d100000, 0x000000008d100000| Complete 
| 210|0x000000008d200000, 0x000000008d300000, 0x000000008d300000|100%| E|CS|TAMS 0x000000008d200000, 0x000000008d200000| Complete 
| 211|0x000000008d300000, 0x000000008d400000, 0x000000008d400000|100%| E|CS|TAMS 0x000000008d300000, 0x000000008d300000| Complete 
| 212|0x000000008d400000, 0x000000008d500000, 0x000000008d500000|100%| E|CS|TAMS 0x000000008d400000, 0x000000008d400000| Complete 
| 213|0x000000008d500000, 0x000000008d600000, 0x000000008d600000|100%| E|CS|TAMS 0x000000008d500000, 0x000000008d500000| Complete 
| 214|0x000000008d600000, 0x000000008d700000, 0x000000008d700000|100%| E|CS|TAMS 0x000000008d600000, 0x000000008d600000| Complete 
| 215|0x000000008d700000, 0x000000008d800000, 0x000000008d800000|100%| E|CS|TAMS 0x000000008d700000, 0x000000008d700000| Complete 
| 216|0x000000008d800000, 0x000000008d900000, 0x000000008d900000|100%| E|CS|TAMS 0x000000008d800000, 0x000000008d800000| Complete 
| 217|0x000000008d900000, 0x000000008da00000, 0x000000008da00000|100%| E|CS|TAMS 0x000000008d900000, 0x000000008d900000| Complete 
| 218|0x000000008da00000, 0x000000008db00000, 0x000000008db00000|100%| E|CS|TAMS 0x000000008da00000, 0x000000008da00000| Complete 
| 219|0x000000008db00000, 0x000000008dc00000, 0x000000008dc00000|100%| E|CS|TAMS 0x000000008db00000, 0x000000008db00000| Complete 

Card table byte_map: [0x00000234277a0000,0x0000023427ba0000] _byte_map_base: 0x00000234273a0000

Marking Bits (Prev, Next): (CMBitMap*) 0x000002341269f788, (CMBitMap*) 0x000002341269f7c0
 Prev Bits: [0x0000023427fa0000, 0x0000023429fa0000)
 Next Bits: [0x0000023429fa0000, 0x000002342bfa0000)

Polling page: 0x0000023412730000

Metaspace:

Usage:
  Non-class:     87.64 MB capacity,    85.63 MB ( 98%) used,     1.69 MB (  2%) free+waste,   324.38 KB ( <1%) overhead. 
      Class:     13.83 MB capacity,    12.74 MB ( 92%) used,   966.82 KB (  7%) free+waste,   153.31 KB (  1%) overhead. 
       Both:    101.47 MB capacity,    98.37 MB ( 97%) used,     2.64 MB (  3%) free+waste,   477.69 KB ( <1%) overhead. 

Virtual space:
  Non-class space:       88.00 MB reserved,      87.75 MB (>99%) committed 
      Class space:        1.00 GB reserved,      13.88 MB (  1%) committed 
             Both:        1.09 GB reserved,     101.63 MB (  9%) committed 

Chunk freelists:
   Non-Class:  44.00 KB
       Class:  0 bytes
        Both:  44.00 KB

MaxMetaspaceSize: 17179869184.00 GB
CompressedClassSpaceSize: 1.00 GB

CodeHeap 'non-profiled nmethods': size=120000Kb used=8040Kb max_used=8040Kb free=111959Kb
 bounds [0x000002341f410000, 0x000002341fbf0000, 0x0000023426940000]
CodeHeap 'profiled nmethods': size=120000Kb used=27020Kb max_used=27020Kb free=92979Kb
 bounds [0x0000023417ee0000, 0x0000023419950000, 0x000002341f410000]
CodeHeap 'non-nmethods': size=5760Kb used=2315Kb max_used=2370Kb free=3444Kb
 bounds [0x0000023417940000, 0x0000023417bb0000, 0x0000023417ee0000]
 total_blobs=13074 nmethods=12151 adapters=831
 compilation: enabled
              stopped_count=0, restarted_count=0
 full_count=0

Compilation events (20 events):
Event: 1478.513 Thread 0x000002342eaad000 12219       3       org.gradle.api.internal.artifacts.ivyservice.resolveengine.graph.builder.ComponentState::addConfiguration (12 bytes)
Event: 1478.514 Thread 0x000002342eaad000 nmethod 12219 0x0000023419925710 code [0x00000234199258c0, 0x0000023419925a88]
Event: 1478.514 Thread 0x000002342eaad000 12220       3       com.google.common.base.Optional::fromNullable (19 bytes)
Event: 1478.514 Thread 0x000002342eaad000 nmethod 12220 0x0000023419925b90 code [0x0000023419925d60, 0x0000023419926118]
Event: 1478.514 Thread 0x0000023431942800 nmethod 12212 0x000002341fbe5210 code [0x000002341fbe53c0, 0x000002341fbe5678]
Event: 1478.514 Thread 0x0000023431942800 12213       4       org.gradle.internal.component.model.AttributeConfigurationSelector::containsImplicitCapability (116 bytes)
Event: 1478.516 Thread 0x0000023431942800 nmethod 12213 0x000002341fbe5890 code [0x000002341fbe5a40, 0x000002341fbe5b18]
Event: 1478.516 Thread 0x0000023431942800 12217       4       org.gradle.api.internal.artifacts.ivyservice.resolveengine.graph.builder.EdgeState::equals (11 bytes)
Event: 1478.516 Thread 0x0000023431942800 nmethod 12217 0x000002341fbe5c90 code [0x000002341fbe5e20, 0x000002341fbe5e98]
Event: 1478.516 Thread 0x0000023431942800 12221       4       java.util.Arrays::copyOfRange (89 bytes)
Event: 1478.519 Thread 0x000002342eaad000 12223       3       org.gradle.api.internal.artifacts.ivyservice.resolveengine.graph.builder.NodeState::<init> (151 bytes)
Event: 1478.521 Thread 0x000002342eaad000 nmethod 12223 0x0000023419926290 code [0x00000234199265c0, 0x0000023419927b88]
Event: 1478.521 Thread 0x0000023431942800 nmethod 12221 0x000002341fbe5f10 code [0x000002341fbe60c0, 0x000002341fbe64f8]
Event: 1478.521 Thread 0x0000023431942800 12224       4       org.gradle.internal.component.external.model.DefaultConfigurationMetadata::getCapabilities (28 bytes)
Event: 1478.523 Thread 0x0000023431942800 nmethod 12224 0x000002341fbe6790 code [0x000002341fbe6920, 0x000002341fbe6ab8]
Event: 1478.523 Thread 0x0000023431942800 12222       4       java.util.HashMap$KeySpliterator::characteristics (30 bytes)
Event: 1478.523 Thread 0x0000023431942800 nmethod 12222 0x000002341fbe6b90 code [0x000002341fbe6d20, 0x000002341fbe6d98]
Event: 1478.524 Thread 0x0000023431942800 12214       4       com.google.common.collect.RegularImmutableMap$KeySet::iterator (8 bytes)
Event: 1478.526 Thread 0x0000023431942800 nmethod 12214 0x000002341fbe6e10 code [0x000002341fbe6fc0, 0x000002341fbe7178]
Event: 1478.526 Thread 0x0000023431942800 12225   !   4       org.gradle.internal.serialize.kryo.KryoBackedDecoder::readBoolean (15 bytes)

GC Heap History (20 events):
Event: 5.688 GC heap before
{Heap before GC invocations=14 (full 0):
 garbage-first heap   total 155648K, used 122370K [0x0000000080000000, 0x0000000100000000)
  region size 1024K, 71 young (72704K), 6 survivors (6144K)
 Metaspace       used 53638K, capacity 55236K, committed 55424K, reserved 1097728K
  class space    used 6932K, capacity 7472K, committed 7552K, reserved 1048576K
}
Event: 5.695 GC heap after
{Heap after GC invocations=15 (full 0):
 garbage-first heap   total 187392K, used 59521K [0x0000000080000000, 0x0000000100000000)
  region size 1024K, 7 young (7168K), 7 survivors (7168K)
 Metaspace       used 53638K, capacity 55236K, committed 55424K, reserved 1097728K
  class space    used 6932K, capacity 7472K, committed 7552K, reserved 1048576K
}
Event: 6.744 GC heap before
{Heap before GC invocations=15 (full 0):
 garbage-first heap   total 187392K, used 143489K [0x0000000080000000, 0x0000000100000000)
  region size 1024K, 86 young (88064K), 7 survivors (7168K)
 Metaspace       used 60342K, capacity 62212K, committed 62464K, reserved 1103872K
  class space    used 7758K, capacity 8399K, committed 8448K, reserved 1048576K
}
Event: 6.751 GC heap after
{Heap after GC invocations=16 (full 0):
 garbage-first heap   total 187392K, used 71569K [0x0000000080000000, 0x0000000100000000)
  region size 1024K, 11 young (11264K), 11 survivors (11264K)
 Metaspace       used 60342K, capacity 62212K, committed 62464K, reserved 1103872K
  class space    used 7758K, capacity 8399K, committed 8448K, reserved 1048576K
}
Event: 7.334 GC heap before
{Heap before GC invocations=16 (full 0):
 garbage-first heap   total 187392K, used 124817K [0x0000000080000000, 0x0000000100000000)
  region size 1024K, 65 young (66560K), 11 survivors (11264K)
 Metaspace       used 67507K, capacity 69432K, committed 69504K, reserved 1110016K
  class space    used 8632K, capacity 9306K, committed 9344K, reserved 1048576K
}
Event: 7.348 GC heap after
{Heap after GC invocations=17 (full 0):
 garbage-first heap   total 187392K, used 76163K [0x0000000080000000, 0x0000000100000000)
  region size 1024K, 5 young (5120K), 5 survivors (5120K)
 Metaspace       used 67507K, capacity 69432K, committed 69504K, reserved 1110016K
  class space    used 8632K, capacity 9306K, committed 9344K, reserved 1048576K
}
Event: 7.935 GC heap before
{Heap before GC invocations=18 (full 0):
 garbage-first heap   total 187392K, used 141699K [0x0000000080000000, 0x0000000100000000)
  region size 1024K, 68 young (69632K), 5 survivors (5120K)
 Metaspace       used 71759K, capacity 73694K, committed 73984K, reserved 1114112K
  class space    used 9193K, capacity 9865K, committed 9984K, reserved 1048576K
}
Event: 7.947 GC heap after
{Heap after GC invocations=19 (full 0):
 garbage-first heap   total 187392K, used 80850K [0x0000000080000000, 0x0000000100000000)
  region size 1024K, 9 young (9216K), 9 survivors (9216K)
 Metaspace       used 71759K, capacity 73694K, committed 73984K, reserved 1114112K
  class space    used 9193K, capacity 9865K, committed 9984K, reserved 1048576K
}
Event: 8.683 GC heap before
{Heap before GC invocations=20 (full 0):
 garbage-first heap   total 187392K, used 144338K [0x0000000080000000, 0x0000000100000000)
  region size 1024K, 71 young (72704K), 9 survivors (9216K)
 Metaspace       used 78163K, capacity 80192K, committed 80256K, reserved 1118208K
  class space    used 10194K, capacity 10872K, committed 10880K, reserved 1048576K
}
Event: 8.691 GC heap after
{Heap after GC invocations=21 (full 0):
 garbage-first heap   total 187392K, used 84260K [0x0000000080000000, 0x0000000100000000)
  region size 1024K, 4 young (4096K), 4 survivors (4096K)
 Metaspace       used 78163K, capacity 80192K, committed 80256K, reserved 1118208K
  class space    used 10194K, capacity 10872K, committed 10880K, reserved 1048576K
}
Event: 9.217 GC heap before
{Heap before GC invocations=21 (full 0):
 garbage-first heap   total 187392K, used 146724K [0x0000000080000000, 0x0000000100000000)
  region size 1024K, 65 young (66560K), 4 survivors (4096K)
 Metaspace       used 81513K, capacity 83779K, committed 83968K, reserved 1122304K
  class space    used 10618K, capacity 11397K, committed 11520K, reserved 1048576K
}
Event: 9.223 GC heap after
{Heap after GC invocations=22 (full 0):
 garbage-first heap   total 187392K, used 87666K [0x0000000080000000, 0x0000000100000000)
  region size 1024K, 8 young (8192K), 8 survivors (8192K)
 Metaspace       used 81513K, capacity 83779K, committed 83968K, reserved 1122304K
  class space    used 10618K, capacity 11397K, committed 11520K, reserved 1048576K
}
Event: 9.878 GC heap before
{Heap before GC invocations=22 (full 0):
 garbage-first heap   total 187392K, used 149106K [0x0000000080000000, 0x0000000100000000)
  region size 1024K, 68 young (69632K), 8 survivors (8192K)
 Metaspace       used 89400K, capacity 91737K, committed 91776K, reserved 1128448K
  class space    used 11595K, capacity 12415K, committed 12416K, reserved 1048576K
}
Event: 9.886 GC heap after
{Heap after GC invocations=23 (full 0):
 garbage-first heap   total 187392K, used 91948K [0x0000000080000000, 0x0000000100000000)
  region size 1024K, 9 young (9216K), 9 survivors (9216K)
 Metaspace       used 89400K, capacity 91737K, committed 91776K, reserved 1128448K
  class space    used 11595K, capacity 12415K, committed 12416K, reserved 1048576K
}
Event: 10.431 GC heap before
{Heap before GC invocations=23 (full 0):
 garbage-first heap   total 187392K, used 143148K [0x0000000080000000, 0x0000000100000000)
  region size 1024K, 61 young (62464K), 9 survivors (9216K)
 Metaspace       used 93653K, capacity 96402K, committed 96512K, reserved 1132544K
  class space    used 12205K, capacity 13217K, committed 13312K, reserved 1048576K
}
Event: 10.440 GC heap after
{Heap after GC invocations=24 (full 0):
 garbage-first heap   total 187392K, used 95589K [0x0000000080000000, 0x0000000100000000)
  region size 1024K, 8 young (8192K), 8 survivors (8192K)
 Metaspace       used 93653K, capacity 96402K, committed 96512K, reserved 1132544K
  class space    used 12205K, capacity 13217K, committed 13312K, reserved 1048576K
}
Event: 10.967 GC heap before
{Heap before GC invocations=25 (full 0):
 garbage-first heap   total 187392K, used 153957K [0x0000000080000000, 0x0000000100000000)
  region size 1024K, 65 young (66560K), 8 survivors (8192K)
 Metaspace       used 94811K, capacity 97521K, committed 97792K, reserved 1134592K
  class space    used 12313K, capacity 13293K, committed 13312K, reserved 1048576K
}
Event: 10.976 GC heap after
{Heap after GC invocations=26 (full 0):
 garbage-first heap   total 225280K, used 99211K [0x0000000080000000, 0x0000000100000000)
  region size 1024K, 8 young (8192K), 8 survivors (8192K)
 Metaspace       used 94811K, capacity 97521K, committed 97792K, reserved 1134592K
  class space    used 12313K, capacity 13293K, committed 13312K, reserved 1048576K
}
Event: 692.136 GC heap before
{Heap before GC invocations=26 (full 0):
 garbage-first heap   total 225280K, used 174987K [0x0000000080000000, 0x0000000100000000)
  region size 1024K, 83 young (84992K), 8 survivors (8192K)
 Metaspace       used 100351K, capacity 103432K, committed 103552K, reserved 1138688K
  class space    used 13013K, capacity 14124K, committed 14208K, reserved 1048576K
}
Event: 692.144 GC heap after
{Heap after GC invocations=27 (full 0):
 garbage-first heap   total 225280K, used 102264K [0x0000000080000000, 0x0000000100000000)
  region size 1024K, 7 young (7168K), 7 survivors (7168K)
 Metaspace       used 100351K, capacity 103432K, committed 103552K, reserved 1138688K
  class space    used 13013K, capacity 14124K, committed 14208K, reserved 1048576K
}

Deoptimization events (20 events):
Event: 1478.192 Thread 0x000002343260c800 DEOPT PACKING pc=0x000002341faa15b0 sp=0x0000008a04dfc600
Event: 1478.192 Thread 0x000002343260c800 DEOPT UNPACKING pc=0x00000234179678af sp=0x0000008a04dfc550 mode 2
Event: 1478.194 Thread 0x000002343260c800 Uncommon trap: trap_request=0xffffffde fr.pc=0x000002341faa15b0 relative=0x0000000000000a10
Event: 1478.194 Thread 0x000002343260c800 Uncommon trap: reason=class_check action=maybe_recompile pc=0x000002341faa15b0 method=com.google.common.cache.LocalCache$Segment.get(Ljava/lang/Object;I)Ljava/lang/Object; @ 49 c2
Event: 1478.194 Thread 0x000002343260c800 DEOPT PACKING pc=0x000002341faa15b0 sp=0x0000008a04dfc1c0
Event: 1478.194 Thread 0x000002343260c800 DEOPT UNPACKING pc=0x00000234179678af sp=0x0000008a04dfc110 mode 2
Event: 1478.194 Thread 0x000002343260c800 Uncommon trap: trap_request=0xffffffde fr.pc=0x000002341faa15b0 relative=0x0000000000000a10
Event: 1478.194 Thread 0x000002343260c800 Uncommon trap: reason=class_check action=maybe_recompile pc=0x000002341faa15b0 method=com.google.common.cache.LocalCache$Segment.get(Ljava/lang/Object;I)Ljava/lang/Object; @ 49 c2
Event: 1478.194 Thread 0x000002343260c800 DEOPT PACKING pc=0x000002341faa15b0 sp=0x0000008a04dfbd80
Event: 1478.194 Thread 0x000002343260c800 DEOPT UNPACKING pc=0x00000234179678af sp=0x0000008a04dfbcd0 mode 2
Event: 1478.194 Thread 0x000002343260c800 Uncommon trap: trap_request=0xffffffde fr.pc=0x000002341faa15b0 relative=0x0000000000000a10
Event: 1478.194 Thread 0x000002343260c800 Uncommon trap: reason=class_check action=maybe_recompile pc=0x000002341faa15b0 method=com.google.common.cache.LocalCache$Segment.get(Ljava/lang/Object;I)Ljava/lang/Object; @ 49 c2
Event: 1478.194 Thread 0x000002343260c800 DEOPT PACKING pc=0x000002341faa15b0 sp=0x0000008a04dfb1f0
Event: 1478.194 Thread 0x000002343260c800 DEOPT UNPACKING pc=0x00000234179678af sp=0x0000008a04dfb140 mode 2
Event: 1478.340 Thread 0x000002343260c800 Uncommon trap: trap_request=0xffffff4d fr.pc=0x000002341fba8e48 relative=0x0000000000000588
Event: 1478.340 Thread 0x000002343260c800 Uncommon trap: reason=unstable_if action=reinterpret pc=0x000002341fba8e48 method=java.lang.ThreadLocal$ThreadLocalMap.remove(Ljava/lang/ThreadLocal;)V @ 26 c2
Event: 1478.340 Thread 0x000002343260c800 DEOPT PACKING pc=0x000002341fba8e48 sp=0x0000008a04dfab60
Event: 1478.340 Thread 0x000002343260c800 DEOPT UNPACKING pc=0x00000234179678af sp=0x0000008a04dfaaa8 mode 2
Event: 1478.453 Thread 0x000002343260c800 DEOPT PACKING pc=0x00000234194cc642 sp=0x0000008a04df8a00
Event: 1478.453 Thread 0x000002343260c800 DEOPT UNPACKING pc=0x00000234179676ce sp=0x0000008a04df7f10 mode 0

Classes redefined (0 events):
No events

Internal exceptions (20 events):
Event: 1478.232 Thread 0x000002343260c800 Exception <a 'java/lang/ClassNotFoundException'{0x000000008c9d4a48}: sync_studio_tooling2173_bv27wkghxm28oirvdbb4xkjpaBeanInfo> (0x000000008c9d4a48) thrown at [./src/hotspot/share/classfile/systemDictionary.cpp, line 231]
Event: 1478.233 Thread 0x000002343260c800 Exception <a 'java/lang/ClassNotFoundException'{0x000000008c9e1408}: sync_studio_tooling2173_bv27wkghxm28oirvdbb4xkjpaCustomizer> (0x000000008c9e1408) thrown at [./src/hotspot/share/classfile/systemDictionary.cpp, line 231]
Event: 1478.251 Thread 0x0000023431958000 Exception <a 'sun/nio/fs/WindowsException'{0x000000008c862630}> (0x000000008c862630) thrown at [./src/hotspot/share/prims/jni.cpp, line 615]
Event: 1478.256 Thread 0x0000023431958000 Exception <a 'sun/nio/fs/WindowsException'{0x000000008c8b86a0}> (0x000000008c8b86a0) thrown at [./src/hotspot/share/prims/jni.cpp, line 615]
Event: 1478.257 Thread 0x0000023431958000 Exception <a 'sun/nio/fs/WindowsException'{0x000000008c8b8808}> (0x000000008c8b8808) thrown at [./src/hotspot/share/prims/jni.cpp, line 615]
Event: 1478.262 Thread 0x000002343260c800 Exception <a 'java/lang/ClassNotFoundException'{0x000000008c730920}: sync_studio_tooling2173_bv27wkghxm28oirvdbb4xkjpaBeanInfo> (0x000000008c730920) thrown at [./src/hotspot/share/classfile/systemDictionary.cpp, line 231]
Event: 1478.263 Thread 0x000002343260c800 Exception <a 'java/lang/ClassNotFoundException'{0x000000008c73d280}: sync_studio_tooling2173_bv27wkghxm28oirvdbb4xkjpaCustomizer> (0x000000008c73d280) thrown at [./src/hotspot/share/classfile/systemDictionary.cpp, line 231]
Event: 1478.284 Thread 0x0000023432842800 Exception <a 'sun/nio/fs/WindowsException'{0x000000008c8573b0}> (0x000000008c8573b0) thrown at [./src/hotspot/share/prims/jni.cpp, line 615]
Event: 1478.284 Thread 0x0000023432842800 Exception <a 'sun/nio/fs/WindowsException'{0x000000008c85a558}> (0x000000008c85a558) thrown at [./src/hotspot/share/prims/jni.cpp, line 615]
Event: 1478.285 Thread 0x0000023432842800 Exception <a 'sun/nio/fs/WindowsException'{0x000000008c85a6e0}> (0x000000008c85a6e0) thrown at [./src/hotspot/share/prims/jni.cpp, line 615]
Event: 1478.294 Thread 0x0000023431958000 Exception <a 'sun/nio/fs/WindowsException'{0x000000008c67e460}> (0x000000008c67e460) thrown at [./src/hotspot/share/prims/jni.cpp, line 615]
Event: 1478.303 Thread 0x0000023431958000 Exception <a 'sun/nio/fs/WindowsException'{0x000000008c50b7c8}> (0x000000008c50b7c8) thrown at [./src/hotspot/share/prims/jni.cpp, line 615]
Event: 1478.303 Thread 0x0000023431958000 Exception <a 'sun/nio/fs/WindowsException'{0x000000008c50b940}> (0x000000008c50b940) thrown at [./src/hotspot/share/prims/jni.cpp, line 615]
Event: 1478.321 Thread 0x000002343260c800 Exception <a 'java/lang/ClassNotFoundException'{0x000000008c570648}: settings_7okci4o566qhzl6ehgbbua7yBeanInfo> (0x000000008c570648) thrown at [./src/hotspot/share/classfile/systemDictionary.cpp, line 231]
Event: 1478.321 Thread 0x000002343260c800 Exception <a 'java/lang/ClassNotFoundException'{0x000000008c57bd78}: settings_7okci4o566qhzl6ehgbbua7yCustomizer> (0x000000008c57bd78) thrown at [./src/hotspot/share/classfile/systemDictionary.cpp, line 231]
Event: 1478.351 Thread 0x0000023432845800 Exception <a 'sun/nio/fs/WindowsException'{0x000000008c7b6d60}> (0x000000008c7b6d60) thrown at [./src/hotspot/share/prims/jni.cpp, line 615]
Event: 1478.365 Thread 0x0000023432845800 Exception <a 'sun/nio/fs/WindowsException'{0x000000008c3ae828}> (0x000000008c3ae828) thrown at [./src/hotspot/share/prims/jni.cpp, line 615]
Event: 1478.366 Thread 0x0000023432845800 Exception <a 'sun/nio/fs/WindowsException'{0x000000008c3ae9a0}> (0x000000008c3ae9a0) thrown at [./src/hotspot/share/prims/jni.cpp, line 615]
Event: 1478.390 Thread 0x000002343260c800 Exception <a 'java/lang/ClassNotFoundException'{0x000000008c22ee80}: build_7lh7hgap0szzkn7sqlr1s35ueBeanInfo> (0x000000008c22ee80) thrown at [./src/hotspot/share/classfile/systemDictionary.cpp, line 231]
Event: 1478.391 Thread 0x000002343260c800 Exception <a 'java/lang/ClassNotFoundException'{0x000000008c239da8}: build_7lh7hgap0szzkn7sqlr1s35ueCustomizer> (0x000000008c239da8) thrown at [./src/hotspot/share/classfile/systemDictionary.cpp, line 231]

Events (20 events):
Event: 1478.390 loading class build_7lh7hgap0szzkn7sqlr1s35ueBeanInfo done
Event: 1478.391 loading class build_7lh7hgap0szzkn7sqlr1s35ueCustomizer
Event: 1478.391 loading class build_7lh7hgap0szzkn7sqlr1s35ueCustomizer done
Event: 1478.391 loading class build_7lh7hgap0szzkn7sqlr1s35ueCustomizer
Event: 1478.391 loading class build_7lh7hgap0szzkn7sqlr1s35ueCustomizer done
Event: 1478.391 Executing VM operation: BulkRevokeBias
Event: 1478.392 Executing VM operation: BulkRevokeBias done
Event: 1478.392 Executing VM operation: RevokeBias
Event: 1478.392 Executing VM operation: RevokeBias done
Event: 1478.392 Executing VM operation: RevokeBias
Event: 1478.392 Executing VM operation: RevokeBias done
Event: 1478.393 loading class groovy/runtime/metaclass/build_7lh7hgap0szzkn7sqlr1s35ue$_run_closure1MetaClass
Event: 1478.393 loading class groovy/runtime/metaclass/build_7lh7hgap0szzkn7sqlr1s35ue$_run_closure1MetaClass done
Event: 1478.394 loading class groovy/runtime/metaclass/build_7lh7hgap0szzkn7sqlr1s35ue$_run_closure1$_closure2MetaClass
Event: 1478.394 loading class groovy/runtime/metaclass/build_7lh7hgap0szzkn7sqlr1s35ue$_run_closure1$_closure2MetaClass done
Event: 1478.395 loading class groovy/runtime/metaclass/build_7lh7hgap0szzkn7sqlr1s35ue$_run_closure1$_closure3MetaClass
Event: 1478.395 loading class groovy/runtime/metaclass/build_7lh7hgap0szzkn7sqlr1s35ue$_run_closure1$_closure3MetaClass done
Event: 1478.399 Executing VM operation: RevokeBias
Event: 1478.399 Executing VM operation: RevokeBias done
Event: 1478.468 Thread 0x0000023431942800 Thread added: 0x0000023431942800


Dynamic libraries:
0x00007ff732250000 - 0x00007ff73225a000 	C:\Program Files\Android\Android Studio\jre\bin\java.exe
0x00007ff935920000 - 0x00007ff935b27000 	C:\WINDOWS\SYSTEM32\ntdll.dll
0x00007ff934490000 - 0x00007ff93454d000 	C:\WINDOWS\System32\KERNEL32.DLL
0x00007ff932f70000 - 0x00007ff9332e4000 	C:\WINDOWS\System32\KERNELBASE.dll
0x00007ff930090000 - 0x00007ff930121000 	C:\WINDOWS\SYSTEM32\apphelp.dll
0x00007ff933500000 - 0x00007ff933611000 	C:\WINDOWS\System32\ucrtbase.dll
0x00007ff92acb0000 - 0x00007ff92acc7000 	C:\Program Files\Android\Android Studio\jre\bin\VCRUNTIME140.dll
0x00007ff91e660000 - 0x00007ff91e679000 	C:\Program Files\Android\Android Studio\jre\bin\jli.dll
0x00007ff934770000 - 0x00007ff93491c000 	C:\WINDOWS\System32\USER32.dll
0x00007ff9333b0000 - 0x00007ff9333d6000 	C:\WINDOWS\System32\win32u.dll
0x00007ff915250000 - 0x00007ff9154f5000 	C:\WINDOWS\WinSxS\amd64_microsoft.windows.common-controls_6595b64144ccf1df_6.0.22000.120_none_9d947278b86cc467\COMCTL32.dll
0x00007ff9337b0000 - 0x00007ff9337d9000 	C:\WINDOWS\System32\GDI32.dll
0x00007ff934da0000 - 0x00007ff934e43000 	C:\WINDOWS\System32\msvcrt.dll
0x00007ff933620000 - 0x00007ff933732000 	C:\WINDOWS\System32\gdi32full.dll
0x00007ff933460000 - 0x00007ff9334fd000 	C:\WINDOWS\System32\msvcp_win.dll
0x00007ff934450000 - 0x00007ff934481000 	C:\WINDOWS\System32\IMM32.DLL
0x00007ff9023b0000 - 0x00007ff90244d000 	C:\Program Files\Android\Android Studio\jre\bin\msvcp140.dll
0x00007ff8d5be0000 - 0x00007ff8d66af000 	C:\Program Files\Android\Android Studio\jre\bin\server\jvm.dll
0x00007ff934920000 - 0x00007ff9349cc000 	C:\WINDOWS\System32\ADVAPI32.dll
0x00007ff934d00000 - 0x00007ff934d9d000 	C:\WINDOWS\System32\sechost.dll
0x00007ff934560000 - 0x00007ff934681000 	C:\WINDOWS\System32\RPCRT4.dll
0x00007ff934e50000 - 0x00007ff934e58000 	C:\WINDOWS\System32\PSAPI.DLL
0x00007ff92f520000 - 0x00007ff92f529000 	C:\WINDOWS\SYSTEM32\WSOCK32.dll
0x00007ff92db40000 - 0x00007ff92db73000 	C:\WINDOWS\SYSTEM32\WINMM.dll
0x00007ff92bf70000 - 0x00007ff92bf7a000 	C:\WINDOWS\SYSTEM32\VERSION.dll
0x00007ff934af0000 - 0x00007ff934b5f000 	C:\WINDOWS\System32\WS2_32.dll
0x00007ff931f20000 - 0x00007ff931f38000 	C:\WINDOWS\SYSTEM32\kernel.appcore.dll
0x00007ff92f090000 - 0x00007ff92f0a1000 	C:\Program Files\Android\Android Studio\jre\bin\verify.dll
0x00007ff925150000 - 0x00007ff925371000 	C:\WINDOWS\SYSTEM32\DBGHELP.DLL
0x00007ff919450000 - 0x00007ff919481000 	C:\WINDOWS\SYSTEM32\dbgcore.DLL
0x00007ff9333e0000 - 0x00007ff933460000 	C:\WINDOWS\System32\bcryptPrimitives.dll
0x00007ff92ef60000 - 0x00007ff92ef89000 	C:\Program Files\Android\Android Studio\jre\bin\java.dll
0x00007ff92f510000 - 0x00007ff92f51b000 	C:\Program Files\Android\Android Studio\jre\bin\jimage.dll
0x00007ff92e930000 - 0x00007ff92e948000 	C:\Program Files\Android\Android Studio\jre\bin\zip.dll
0x00007ff935130000 - 0x00007ff9358da000 	C:\WINDOWS\System32\SHELL32.dll
0x00007ff930fa0000 - 0x00007ff931802000 	C:\WINDOWS\SYSTEM32\windows.storage.dll
0x00007ff9340d0000 - 0x00007ff934448000 	C:\WINDOWS\System32\combase.dll
0x00007ff930e30000 - 0x00007ff930f96000 	C:\WINDOWS\SYSTEM32\wintypes.dll
0x00007ff933840000 - 0x00007ff93392a000 	C:\WINDOWS\System32\SHCORE.dll
0x00007ff933a20000 - 0x00007ff933a7d000 	C:\WINDOWS\System32\shlwapi.dll
0x00007ff932d30000 - 0x00007ff932d51000 	C:\WINDOWS\SYSTEM32\profapi.dll
0x00007ff92e910000 - 0x00007ff92e92a000 	C:\Program Files\Android\Android Studio\jre\bin\net.dll
0x00007ff92d4d0000 - 0x00007ff92d5dc000 	C:\WINDOWS\SYSTEM32\WINHTTP.dll
0x00007ff932330000 - 0x00007ff932397000 	C:\WINDOWS\system32\mswsock.dll
0x00007ff92e8f0000 - 0x00007ff92e904000 	C:\Program Files\Android\Android Studio\jre\bin\nio.dll
0x00007ff92e150000 - 0x00007ff92e177000 	C:\Users\Huawei\.gradle\native\8bec1ad78214c89d9ad589b4d07fe93259594b29d510b10fafb7a158f7737e5d\windows-amd64\native-platform.dll
0x00007ff90dd70000 - 0x00007ff90dead000 	C:\Users\Huawei\.gradle\native\53dbd7edfb1c66fb8903c78663c9afc45aea4f116125fa6feffd364cf09443e8\windows-amd64\native-platform-file-events.dll
0x00007ff92edf0000 - 0x00007ff92edfa000 	C:\Program Files\Android\Android Studio\jre\bin\management.dll
0x00007ff92e8e0000 - 0x00007ff92e8ec000 	C:\Program Files\Android\Android Studio\jre\bin\management_ext.dll
0x00007ff932580000 - 0x00007ff932598000 	C:\WINDOWS\SYSTEM32\CRYPTSP.dll
0x00007ff931e80000 - 0x00007ff931eb5000 	C:\WINDOWS\system32\rsaenh.dll
0x00007ff932420000 - 0x00007ff932449000 	C:\WINDOWS\SYSTEM32\USERENV.dll
0x00007ff932760000 - 0x00007ff932787000 	C:\WINDOWS\SYSTEM32\bcrypt.dll
0x00007ff932570000 - 0x00007ff93257c000 	C:\WINDOWS\SYSTEM32\CRYPTBASE.dll
0x00007ff931a60000 - 0x00007ff931a8d000 	C:\WINDOWS\SYSTEM32\IPHLPAPI.DLL
0x00007ff933b10000 - 0x00007ff933b19000 	C:\WINDOWS\System32\NSI.dll
0x00007ff92d460000 - 0x00007ff92d479000 	C:\WINDOWS\SYSTEM32\dhcpcsvc6.DLL
0x00007ff92db20000 - 0x00007ff92db3e000 	C:\WINDOWS\SYSTEM32\dhcpcsvc.DLL
0x00007ff931ad0000 - 0x00007ff931bb7000 	C:\WINDOWS\SYSTEM32\DNSAPI.dll

dbghelp: loaded successfully - version: 4.0.5 - missing functions: none
symbol engine: initialized successfully - sym options: 0x614 - pdb path: .;C:\Program Files\Android\Android Studio\jre\bin;C:\WINDOWS\SYSTEM32;C:\WINDOWS\WinSxS\amd64_microsoft.windows.common-controls_6595b64144ccf1df_6.0.22000.120_none_9d947278b86cc467;C:\Program Files\Android\Android Studio\jre\bin\server;C:\Users\Huawei\.gradle\native\8bec1ad78214c89d9ad589b4d07fe93259594b29d510b10fafb7a158f7737e5d\windows-amd64;C:\Users\Huawei\.gradle\native\53dbd7edfb1c66fb8903c78663c9afc45aea4f116125fa6feffd364cf09443e8\windows-amd64

VM Arguments:
jvm_args: --add-opens=java.base/java.util=ALL-UNNAMED --add-opens=java.base/java.lang=ALL-UNNAMED --add-opens=java.base/java.lang.invoke=ALL-UNNAMED --add-opens=java.base/java.util=ALL-UNNAMED --add-opens=java.prefs/java.util.prefs=ALL-UNNAMED --add-opens=java.prefs/java.util.prefs=ALL-UNNAMED --add-opens=java.base/java.nio.charset=ALL-UNNAMED --add-opens=java.base/java.net=ALL-UNNAMED --add-opens=java.base/java.util.concurrent.atomic=ALL-UNNAMED -Xmx2048m -Dfile.encoding=UTF-8 -Duser.country=FR -Duser.language=fr -Duser.variant 
java_command: org.gradle.launcher.daemon.bootstrap.GradleDaemon 7.0.2
java_class_path (initial): C:\Users\Huawei\.gradle\wrapper\dists\gradle-7.0.2-bin\857tjihv64xamwrf0h14cai3r\gradle-7.0.2\lib\gradle-launcher-7.0.2.jar
Launcher Type: SUN_STANDARD

[Global flags]
     intx CICompilerCount                          = 4                                         {product} {ergonomic}
     uint ConcGCThreads                            = 2                                         {product} {ergonomic}
     uint G1ConcRefinementThreads                  = 8                                         {product} {ergonomic}
   size_t G1HeapRegionSize                         = 1048576                                   {product} {ergonomic}
    uintx GCDrainStackTargetSize                   = 64                                        {product} {ergonomic}
   size_t InitialHeapSize                          = 132120576                                 {product} {ergonomic}
   size_t MarkStackSize                            = 4194304                                   {product} {ergonomic}
   size_t MaxHeapSize                              = 2147483648                                {product} {command line}
   size_t MaxNewSize                               = 1287651328                                {product} {ergonomic}
   size_t MinHeapDeltaBytes                        = 1048576                                   {product} {ergonomic}
    uintx NonNMethodCodeHeapSize                   = 5836300                                {pd product} {ergonomic}
    uintx NonProfiledCodeHeapSize                  = 122910970                              {pd product} {ergonomic}
    uintx ProfiledCodeHeapSize                     = 122910970                              {pd product} {ergonomic}
    uintx ReservedCodeCacheSize                    = 251658240                              {pd product} {ergonomic}
     bool SegmentedCodeCache                       = true                                      {product} {ergonomic}
     bool UseCompressedClassPointers               = true                                 {lp64_product} {ergonomic}
     bool UseCompressedOops                        = true                                 {lp64_product} {ergonomic}
     bool UseG1GC                                  = true                                      {product} {ergonomic}
     bool UseLargePagesIndividualAllocation        = false                                  {pd product} {ergonomic}

Logging:
Log output configuration:
 #0: stdout all=warning uptime,level,tags
 #1: stderr all=off uptime,level,tags

Environment Variables:
PATH=C:\Program Files (x86)\VMware\VMware Workstation\bin\;C:\Program Files\Eclipse Adoptium\jdk-11.0.13.8-hotspot\bin;C:\Program Files\Common Files\Oracle\Java\javapath;C:\WINDOWS\system32;C:\WINDOWS;C:\WINDOWS\System32\Wbem;C:\WINDOWS\System32\WindowsPowerShell\v1.0\;C:\WINDOWS\System32\OpenSSH\;C:\Program Files\dotnet\;C:\Program Files (x86)\dotnet\;C:\Program Files\Git\cmd;C:\Program Files\Microsoft SQL Server\130\Tools\Binn\;C:\Program Files\Microsoft SQL Server\Client SDK\ODBC\170\Tools\Binn\;C:\Program Files (x86)\Microsoft SQL Server\150\Tools\Binn\;C:\Program Files\Microsoft SQL Server\150\Tools\Binn\;C:\Program Files\Microsoft SQL Server\150\DTS\Binn\;C:\Users\Huawei\.jdks\corretto-1.8.0_312\bin;C:\apache\Apache_2.6.0\bin\windows;C:\Program Files\Java\jdk-17.0.1\bin;C:\Users\Huawei\AppData\Local\Microsoft\WindowsApps;C:\Users\Huawei\AppData\Local\Programs\Microsoft VS Code\bin;C:\Users\Huawei\AppData\Local\atom\bin;C:\Users\Huawei\.dotnet\tools;C:\Users\Huawei\AppData\Local\Microsoft\WindowsApps;C:\Program Files\Java\jdk-17.0.1;
USERNAME=Huawei
OS=Windows_NT
PROCESSOR_IDENTIFIER=Intel64 Family 6 Model 142 Stepping 12, GenuineIntel



---------------  S Y S T E M  ---------------

OS: Windows 10 , 64 bit Build 22000 (10.0.22000.318)
OS uptime: 0 days 9:52 hours

CPU:total 8 (initial active 8) (4 cores per cpu, 2 threads per core) family 6 model 142 stepping 12 microcode 0xde, cmov, cx8, fxsr, mmx, sse, sse2, sse3, ssse3, sse4.1, sse4.2, popcnt, avx, avx2, aes, clmul, erms, 3dnowpref, lzcnt, ht, tsc, tscinvbit, bmi1, bmi2, adx, fma

Memory: 4k page, system-wide physical 8025M (600M free)
TotalPageFile size 8025M (AvailPageFile size 6M)
current process WorkingSet (physical memory assigned to process): 235M, peak: 524M
current process commit charge ("private bytes"): 542M, peak: 565M

vm_info: OpenJDK 64-Bit Server VM (11.0.10+0-b96-7249189) for windows-amd64 JRE (11.0.10+0-b96-7249189), built on Mar 31 2021 21:44:00 by "builder" with MS VC++ 14.0 (VS2015)

END.
